[sisrua] build_installer.cmd
INFO: Ativando builds de compatibilidade para AutoCAD 2021 e 2024...
AVISO: Variavel CODE_SIGN_THUMBPRINT nao definida. Nenhuma assinatura de codigo sera realizada.
  Determinando os projetos a serem restaurados...
  Todos os projetos est├úo atualizados para restaura├º├úo.
C:\Program Files\dotnet\sdk\10.0.102\Microsoft.Common.CurrentVersion.targets(2437,5): warning MSB3277: foram encontrados conflitos entre diferentes vers├Áes do "WindowsBase" que n├úo puderam ser resolvidas. [C:\plugin_autocad\src\plugin\sisRUA.csproj::TargetFramework=net8.0-windows]
C:\Program Files\dotnet\sdk\10.0.102\Microsoft.Common.CurrentVersion.targets(2437,5): warning MSB3277: H├í um conflito entre "WindowsBase, Version=4.0.0.0, Culture=neutral, PublicKeyToken=31bf3856ad364e35" e "WindowsBase, Version=8.0.0.0, Culture=neutral, PublicKeyToken=31bf3856ad364e35". [C:\plugin_autocad\src\plugin\sisRUA.csproj::TargetFramework=net8.0-windows]
C:\Program Files\dotnet\sdk\10.0.102\Microsoft.Common.CurrentVersion.targets(2437,5): warning MSB3277:     "WindowsBase, Version=4.0.0.0, Culture=neutral, PublicKeyToken=31bf3856ad364e35" foi escolhido porque era principal e "WindowsBase, Version=8.0.0.0, Culture=neutral, PublicKeyToken=31bf3856ad364e35" n├úo era. [C:\plugin_autocad\src\plugin\sisRUA.csproj::TargetFramework=net8.0-windows]
C:\Program Files\dotnet\sdk\10.0.102\Microsoft.Common.CurrentVersion.targets(2437,5): warning MSB3277:     As refer├¬ncias depender├úo de "WindowsBase, Version=4.0.0.0, Culture=neutral, PublicKeyToken=31bf3856ad364e35" [C:\Program Files\dotnet\packs\Microsoft.NETCore.App.Ref\8.0.23\ref\net8.0\WindowsBase.dll]. [C:\plugin_autocad\src\plugin\sisRUA.csproj::TargetFramework=net8.0-windows]
C:\Program Files\dotnet\sdk\10.0.102\Microsoft.Common.CurrentVersion.targets(2437,5): warning MSB3277:         C:\Program Files\dotnet\packs\Microsoft.NETCore.App.Ref\8.0.23\ref\net8.0\WindowsBase.dll [C:\plugin_autocad\src\plugin\sisRUA.csproj::TargetFramework=net8.0-windows]
C:\Program Files\dotnet\sdk\10.0.102\Microsoft.Common.CurrentVersion.targets(2437,5): warning MSB3277:           Inclus├Áes de itens do arquivo de projeto que geraram a refer├¬ncia"C:\Program Files\dotnet\packs\Microsoft.NETCore.App.Ref\8.0.23\ref\net8.0\WindowsBase.dll". [C:\plugin_autocad\src\plugin\sisRUA.csproj::TargetFramework=net8.0-windows]
C:\Program Files\dotnet\sdk\10.0.102\Microsoft.Common.CurrentVersion.targets(2437,5): warning MSB3277:             C:\Program Files\dotnet\packs\Microsoft.NETCore.App.Ref\8.0.23\ref/net8.0/WindowsBase.dll [C:\plugin_autocad\src\plugin\sisRUA.csproj::TargetFramework=net8.0-windows]
C:\Program Files\dotnet\sdk\10.0.102\Microsoft.Common.CurrentVersion.targets(2437,5): warning MSB3277:     Refer├¬ncias que dependem de ou foram unificadas para "WindowsBase, Version=8.0.0.0, Culture=neutral, PublicKeyToken=31bf3856ad364e35" []. [C:\plugin_autocad\src\plugin\sisRUA.csproj::TargetFramework=net8.0-windows]
C:\Program Files\dotnet\sdk\10.0.102\Microsoft.Common.CurrentVersion.targets(2437,5): warning MSB3277:         C:\Program Files\Autodesk\AutoCAD 2026\AcCoreMgd.dll [C:\plugin_autocad\src\plugin\sisRUA.csproj::TargetFramework=net8.0-windows]
C:\Program Files\dotnet\sdk\10.0.102\Microsoft.Common.CurrentVersion.targets(2437,5): warning MSB3277:           Inclus├Áes de itens do arquivo de projeto que geraram a refer├¬ncia"C:\Program Files\Autodesk\AutoCAD 2026\AcCoreMgd.dll". [C:\plugin_autocad\src\plugin\sisRUA.csproj::TargetFramework=net8.0-windows]
C:\Program Files\dotnet\sdk\10.0.102\Microsoft.Common.CurrentVersion.targets(2437,5): warning MSB3277:             AcCoreMgd [C:\plugin_autocad\src\plugin\sisRUA.csproj::TargetFramework=net8.0-windows]
C:\Program Files\dotnet\sdk\10.0.102\Microsoft.Common.CurrentVersion.targets(2437,5): warning MSB3277:             AcMgd [C:\plugin_autocad\src\plugin\sisRUA.csproj::TargetFramework=net8.0-windows]
C:\Program Files\dotnet\sdk\10.0.102\Microsoft.Common.CurrentVersion.targets(2437,5): warning MSB3277:         C:\Program Files\Autodesk\AutoCAD 2026\AcDbMgd.dll [C:\plugin_autocad\src\plugin\sisRUA.csproj::TargetFramework=net8.0-windows]
C:\Program Files\dotnet\sdk\10.0.102\Microsoft.Common.CurrentVersion.targets(2437,5): warning MSB3277:           Inclus├Áes de itens do arquivo de projeto que geraram a refer├¬ncia"C:\Program Files\Autodesk\AutoCAD 2026\AcDbMgd.dll". [C:\plugin_autocad\src\plugin\sisRUA.csproj::TargetFramework=net8.0-windows]
C:\Program Files\dotnet\sdk\10.0.102\Microsoft.Common.CurrentVersion.targets(2437,5): warning MSB3277:             AcDbMgd [C:\plugin_autocad\src\plugin\sisRUA.csproj::TargetFramework=net8.0-windows]
C:\Program Files\dotnet\sdk\10.0.102\Microsoft.Common.CurrentVersion.targets(2437,5): warning MSB3277:             AcCoreMgd [C:\plugin_autocad\src\plugin\sisRUA.csproj::TargetFramework=net8.0-windows]
C:\Program Files\dotnet\sdk\10.0.102\Microsoft.Common.CurrentVersion.targets(2437,5): warning MSB3277:             AcMgd [C:\plugin_autocad\src\plugin\sisRUA.csproj::TargetFramework=net8.0-windows]
C:\Program Files\dotnet\sdk\10.0.102\Microsoft.Common.CurrentVersion.targets(2437,5): warning MSB3277:         C:\Program Files\Autodesk\AutoCAD 2026\AcMgd.dll [C:\plugin_autocad\src\plugin\sisRUA.csproj::TargetFramework=net8.0-windows]
C:\Program Files\dotnet\sdk\10.0.102\Microsoft.Common.CurrentVersion.targets(2437,5): warning MSB3277:           Inclus├Áes de itens do arquivo de projeto que geraram a refer├¬ncia"C:\Program Files\Autodesk\AutoCAD 2026\AcMgd.dll". [C:\plugin_autocad\src\plugin\sisRUA.csproj::TargetFramework=net8.0-windows]
C:\Program Files\dotnet\sdk\10.0.102\Microsoft.Common.CurrentVersion.targets(2437,5): warning MSB3277:             AcMgd [C:\plugin_autocad\src\plugin\sisRUA.csproj::TargetFramework=net8.0-windows]
C:\Program Files\dotnet\sdk\10.0.102\Microsoft.Common.CurrentVersion.targets(2437,5): warning MSB3277:         C:\Program Files\Autodesk\AutoCAD 2026\DesktopConnectorInterop.dll [C:\plugin_autocad\src\plugin\sisRUA.csproj::TargetFramework=net8.0-windows]
C:\Program Files\dotnet\sdk\10.0.102\Microsoft.Common.CurrentVersion.targets(2437,5): warning MSB3277:           Inclus├Áes de itens do arquivo de projeto que geraram a refer├¬ncia"C:\Program Files\Autodesk\AutoCAD 2026\DesktopConnectorInterop.dll". [C:\plugin_autocad\src\plugin\sisRUA.csproj::TargetFramework=net8.0-windows]
C:\Program Files\dotnet\sdk\10.0.102\Microsoft.Common.CurrentVersion.targets(2437,5): warning MSB3277:             AcCoreMgd [C:\plugin_autocad\src\plugin\sisRUA.csproj::TargetFramework=net8.0-windows]
C:\Program Files\dotnet\sdk\10.0.102\Microsoft.Common.CurrentVersion.targets(2437,5): warning MSB3277:             AcMgd [C:\plugin_autocad\src\plugin\sisRUA.csproj::TargetFramework=net8.0-windows]
C:\Program Files\dotnet\sdk\10.0.102\Microsoft.Common.CurrentVersion.targets(2437,5): warning MSB3277:         C:\Program Files\Autodesk\AutoCAD 2026\AdUiPalettes.dll [C:\plugin_autocad\src\plugin\sisRUA.csproj::TargetFramework=net8.0-windows]
C:\Program Files\dotnet\sdk\10.0.102\Microsoft.Common.CurrentVersion.targets(2437,5): warning MSB3277:           Inclus├Áes de itens do arquivo de projeto que geraram a refer├¬ncia"C:\Program Files\Autodesk\AutoCAD 2026\AdUiPalettes.dll". [C:\plugin_autocad\src\plugin\sisRUA.csproj::TargetFramework=net8.0-windows]
C:\Program Files\dotnet\sdk\10.0.102\Microsoft.Common.CurrentVersion.targets(2437,5): warning MSB3277:             AcMgd [C:\plugin_autocad\src\plugin\sisRUA.csproj::TargetFramework=net8.0-windows]
C:\Program Files\dotnet\sdk\10.0.102\Microsoft.Common.CurrentVersion.targets(2437,5): warning MSB3277:         C:\Program Files\Autodesk\AutoCAD 2026\AdWindows.dll [C:\plugin_autocad\src\plugin\sisRUA.csproj::TargetFramework=net8.0-windows]
C:\Program Files\dotnet\sdk\10.0.102\Microsoft.Common.CurrentVersion.targets(2437,5): warning MSB3277:           Inclus├Áes de itens do arquivo de projeto que geraram a refer├¬ncia"C:\Program Files\Autodesk\AutoCAD 2026\AdWindows.dll". [C:\plugin_autocad\src\plugin\sisRUA.csproj::TargetFramework=net8.0-windows]
C:\Program Files\dotnet\sdk\10.0.102\Microsoft.Common.CurrentVersion.targets(2437,5): warning MSB3277:             AcMgd [C:\plugin_autocad\src\plugin\sisRUA.csproj::TargetFramework=net8.0-windows]
C:\Program Files\dotnet\sdk\10.0.102\Microsoft.Common.CurrentVersion.targets(2437,5): warning MSB3277:         C:\Program Files\Autodesk\AutoCAD 2026\AcCustomize.dll [C:\plugin_autocad\src\plugin\sisRUA.csproj::TargetFramework=net8.0-windows]
C:\Program Files\dotnet\sdk\10.0.102\Microsoft.Common.CurrentVersion.targets(2437,5): warning MSB3277:           Inclus├Áes de itens do arquivo de projeto que geraram a refer├¬ncia"C:\Program Files\Autodesk\AutoCAD 2026\AcCustomize.dll". [C:\plugin_autocad\src\plugin\sisRUA.csproj::TargetFramework=net8.0-windows]
C:\Program Files\dotnet\sdk\10.0.102\Microsoft.Common.CurrentVersion.targets(2437,5): warning MSB3277:             AcMgd [C:\plugin_autocad\src\plugin\sisRUA.csproj::TargetFramework=net8.0-windows]
C:\Program Files\dotnet\sdk\10.0.102\Microsoft.Common.CurrentVersion.targets(2437,5): warning MSB3277:         C:\Program Files\Autodesk\AutoCAD 2026\AcWindows.dll [C:\plugin_autocad\src\plugin\sisRUA.csproj::TargetFramework=net8.0-windows]
C:\Program Files\dotnet\sdk\10.0.102\Microsoft.Common.CurrentVersion.targets(2437,5): warning MSB3277:           Inclus├Áes de itens do arquivo de projeto que geraram a refer├¬ncia"C:\Program Files\Autodesk\AutoCAD 2026\AcWindows.dll". [C:\plugin_autocad\src\plugin\sisRUA.csproj::TargetFramework=net8.0-windows]
C:\Program Files\dotnet\sdk\10.0.102\Microsoft.Common.CurrentVersion.targets(2437,5): warning MSB3277:             AcMgd [C:\plugin_autocad\src\plugin\sisRUA.csproj::TargetFramework=net8.0-windows]
C:\Program Files\dotnet\sdk\10.0.102\Microsoft.Common.CurrentVersion.targets(2437,5): warning MSB3277:         C:\Program Files\Autodesk\AutoCAD 2026\AdUIMgd.dll [C:\plugin_autocad\src\plugin\sisRUA.csproj::TargetFramework=net8.0-windows]
C:\Program Files\dotnet\sdk\10.0.102\Microsoft.Common.CurrentVersion.targets(2437,5): warning MSB3277:           Inclus├Áes de itens do arquivo de projeto que geraram a refer├¬ncia"C:\Program Files\Autodesk\AutoCAD 2026\AdUIMgd.dll". [C:\plugin_autocad\src\plugin\sisRUA.csproj::TargetFramework=net8.0-windows]
C:\Program Files\dotnet\sdk\10.0.102\Microsoft.Common.CurrentVersion.targets(2437,5): warning MSB3277:             AcMgd [C:\plugin_autocad\src\plugin\sisRUA.csproj::TargetFramework=net8.0-windows]
C:\Program Files\dotnet\sdk\10.0.102\Microsoft.Common.CurrentVersion.targets(2437,5): warning MSB3277:         C:\Program Files\Autodesk\AutoCAD 2026\AcTcMgd.dll [C:\plugin_autocad\src\plugin\sisRUA.csproj::TargetFramework=net8.0-windows]
C:\Program Files\dotnet\sdk\10.0.102\Microsoft.Common.CurrentVersion.targets(2437,5): warning MSB3277:           Inclus├Áes de itens do arquivo de projeto que geraram a refer├¬ncia"C:\Program Files\Autodesk\AutoCAD 2026\AcTcMgd.dll". [C:\plugin_autocad\src\plugin\sisRUA.csproj::TargetFramework=net8.0-windows]
C:\Program Files\dotnet\sdk\10.0.102\Microsoft.Common.CurrentVersion.targets(2437,5): warning MSB3277:             AcMgd [C:\plugin_autocad\src\plugin\sisRUA.csproj::TargetFramework=net8.0-windows]
C:\Program Files\dotnet\sdk\10.0.102\Microsoft.Common.CurrentVersion.targets(2437,5): warning MSB3277:         C:\Program Files\Autodesk\AutoCAD 2026\AcMNUParser.dll [C:\plugin_autocad\src\plugin\sisRUA.csproj::TargetFramework=net8.0-windows]
C:\Program Files\dotnet\sdk\10.0.102\Microsoft.Common.CurrentVersion.targets(2437,5): warning MSB3277:           Inclus├Áes de itens do arquivo de projeto que geraram a refer├¬ncia"C:\Program Files\Autodesk\AutoCAD 2026\AcMNUParser.dll". [C:\plugin_autocad\src\plugin\sisRUA.csproj::TargetFramework=net8.0-windows]
C:\Program Files\dotnet\sdk\10.0.102\Microsoft.Common.CurrentVersion.targets(2437,5): warning MSB3277:             AcMgd [C:\plugin_autocad\src\plugin\sisRUA.csproj::TargetFramework=net8.0-windows]
  sisRUA -> C:\plugin_autocad\src\plugin\bin\x64\Release\net8.0-windows\sisRUA_NET8.dll

Compila├º├úo com ├¬xito.

C:\Program Files\dotnet\sdk\10.0.102\Microsoft.Common.CurrentVersion.targets(2437,5): warning MSB3277: foram encontrados conflitos entre diferentes vers├Áes do "WindowsBase" que n├úo puderam ser resolvidas. [C:\plugin_autocad\src\plugin\sisRUA.csproj::TargetFramework=net8.0-windows]
C:\Program Files\dotnet\sdk\10.0.102\Microsoft.Common.CurrentVersion.targets(2437,5): warning MSB3277: H├í um conflito entre "WindowsBase, Version=4.0.0.0, Culture=neutral, PublicKeyToken=31bf3856ad364e35" e "WindowsBase, Version=8.0.0.0, Culture=neutral, PublicKeyToken=31bf3856ad364e35". [C:\plugin_autocad\src\plugin\sisRUA.csproj::TargetFramework=net8.0-windows]
C:\Program Files\dotnet\sdk\10.0.102\Microsoft.Common.CurrentVersion.targets(2437,5): warning MSB3277:     "WindowsBase, Version=4.0.0.0, Culture=neutral, PublicKeyToken=31bf3856ad364e35" foi escolhido porque era principal e "WindowsBase, Version=8.0.0.0, Culture=neutral, PublicKeyToken=31bf3856ad364e35" n├úo era. [C:\plugin_autocad\src\plugin\sisRUA.csproj::TargetFramework=net8.0-windows]
C:\Program Files\dotnet\sdk\10.0.102\Microsoft.Common.CurrentVersion.targets(2437,5): warning MSB3277:     As refer├¬ncias depender├úo de "WindowsBase, Version=4.0.0.0, Culture=neutral, PublicKeyToken=31bf3856ad364e35" [C:\Program Files\dotnet\packs\Microsoft.NETCore.App.Ref\8.0.23\ref\net8.0\WindowsBase.dll]. [C:\plugin_autocad\src\plugin\sisRUA.csproj::TargetFramework=net8.0-windows]
C:\Program Files\dotnet\sdk\10.0.102\Microsoft.Common.CurrentVersion.targets(2437,5): warning MSB3277:         C:\Program Files\dotnet\packs\Microsoft.NETCore.App.Ref\8.0.23\ref\net8.0\WindowsBase.dll [C:\plugin_autocad\src\plugin\sisRUA.csproj::TargetFramework=net8.0-windows]
C:\Program Files\dotnet\sdk\10.0.102\Microsoft.Common.CurrentVersion.targets(2437,5): warning MSB3277:           Inclus├Áes de itens do arquivo de projeto que geraram a refer├¬ncia"C:\Program Files\dotnet\packs\Microsoft.NETCore.App.Ref\8.0.23\ref\net8.0\WindowsBase.dll". [C:\plugin_autocad\src\plugin\sisRUA.csproj::TargetFramework=net8.0-windows]
C:\Program Files\dotnet\sdk\10.0.102\Microsoft.Common.CurrentVersion.targets(2437,5): warning MSB3277:             C:\Program Files\dotnet\packs\Microsoft.NETCore.App.Ref\8.0.23\ref/net8.0/WindowsBase.dll [C:\plugin_autocad\src\plugin\sisRUA.csproj::TargetFramework=net8.0-windows]
C:\Program Files\dotnet\sdk\10.0.102\Microsoft.Common.CurrentVersion.targets(2437,5): warning MSB3277:     Refer├¬ncias que dependem de ou foram unificadas para "WindowsBase, Version=8.0.0.0, Culture=neutral, PublicKeyToken=31bf3856ad364e35" []. [C:\plugin_autocad\src\plugin\sisRUA.csproj::TargetFramework=net8.0-windows]
C:\Program Files\dotnet\sdk\10.0.102\Microsoft.Common.CurrentVersion.targets(2437,5): warning MSB3277:         C:\Program Files\Autodesk\AutoCAD 2026\AcCoreMgd.dll [C:\plugin_autocad\src\plugin\sisRUA.csproj::TargetFramework=net8.0-windows]
C:\Program Files\dotnet\sdk\10.0.102\Microsoft.Common.CurrentVersion.targets(2437,5): warning MSB3277:           Inclus├Áes de itens do arquivo de projeto que geraram a refer├¬ncia"C:\Program Files\Autodesk\AutoCAD 2026\AcCoreMgd.dll". [C:\plugin_autocad\src\plugin\sisRUA.csproj::TargetFramework=net8.0-windows]
C:\Program Files\dotnet\sdk\10.0.102\Microsoft.Common.CurrentVersion.targets(2437,5): warning MSB3277:             AcCoreMgd [C:\plugin_autocad\src\plugin\sisRUA.csproj::TargetFramework=net8.0-windows]
C:\Program Files\dotnet\sdk\10.0.102\Microsoft.Common.CurrentVersion.targets(2437,5): warning MSB3277:             AcMgd [C:\plugin_autocad\src\plugin\sisRUA.csproj::TargetFramework=net8.0-windows]
C:\Program Files\dotnet\sdk\10.0.102\Microsoft.Common.CurrentVersion.targets(2437,5): warning MSB3277:         C:\Program Files\Autodesk\AutoCAD 2026\AcDbMgd.dll [C:\plugin_autocad\src\plugin\sisRUA.csproj::TargetFramework=net8.0-windows]
C:\Program Files\dotnet\sdk\10.0.102\Microsoft.Common.CurrentVersion.targets(2437,5): warning MSB3277:           Inclus├Áes de itens do arquivo de projeto que geraram a refer├¬ncia"C:\Program Files\Autodesk\AutoCAD 2026\AcDbMgd.dll". [C:\plugin_autocad\src\plugin\sisRUA.csproj::TargetFramework=net8.0-windows]
C:\Program Files\dotnet\sdk\10.0.102\Microsoft.Common.CurrentVersion.targets(2437,5): warning MSB3277:             AcDbMgd [C:\plugin_autocad\src\plugin\sisRUA.csproj::TargetFramework=net8.0-windows]
C:\Program Files\dotnet\sdk\10.0.102\Microsoft.Common.CurrentVersion.targets(2437,5): warning MSB3277:             AcCoreMgd [C:\plugin_autocad\src\plugin\sisRUA.csproj::TargetFramework=net8.0-windows]
C:\Program Files\dotnet\sdk\10.0.102\Microsoft.Common.CurrentVersion.targets(2437,5): warning MSB3277:             AcMgd [C:\plugin_autocad\src\plugin\sisRUA.csproj::TargetFramework=net8.0-windows]
C:\Program Files\dotnet\sdk\10.0.102\Microsoft.Common.CurrentVersion.targets(2437,5): warning MSB3277:         C:\Program Files\Autodesk\AutoCAD 2026\AcMgd.dll [C:\plugin_autocad\src\plugin\sisRUA.csproj::TargetFramework=net8.0-windows]
C:\Program Files\dotnet\sdk\10.0.102\Microsoft.Common.CurrentVersion.targets(2437,5): warning MSB3277:           Inclus├Áes de itens do arquivo de projeto que geraram a refer├¬ncia"C:\Program Files\Autodesk\AutoCAD 2026\AcMgd.dll". [C:\plugin_autocad\src\plugin\sisRUA.csproj::TargetFramework=net8.0-windows]
C:\Program Files\dotnet\sdk\10.0.102\Microsoft.Common.CurrentVersion.targets(2437,5): warning MSB3277:             AcMgd [C:\plugin_autocad\src\plugin\sisRUA.csproj::TargetFramework=net8.0-windows]
C:\Program Files\dotnet\sdk\10.0.102\Microsoft.Common.CurrentVersion.targets(2437,5): warning MSB3277:         C:\Program Files\Autodesk\AutoCAD 2026\DesktopConnectorInterop.dll [C:\plugin_autocad\src\plugin\sisRUA.csproj::TargetFramework=net8.0-windows]
C:\Program Files\dotnet\sdk\10.0.102\Microsoft.Common.CurrentVersion.targets(2437,5): warning MSB3277:           Inclus├Áes de itens do arquivo de projeto que geraram a refer├¬ncia"C:\Program Files\Autodesk\AutoCAD 2026\DesktopConnectorInterop.dll". [C:\plugin_autocad\src\plugin\sisRUA.csproj::TargetFramework=net8.0-windows]
C:\Program Files\dotnet\sdk\10.0.102\Microsoft.Common.CurrentVersion.targets(2437,5): warning MSB3277:             AcCoreMgd [C:\plugin_autocad\src\plugin\sisRUA.csproj::TargetFramework=net8.0-windows]
C:\Program Files\dotnet\sdk\10.0.102\Microsoft.Common.CurrentVersion.targets(2437,5): warning MSB3277:             AcMgd [C:\plugin_autocad\src\plugin\sisRUA.csproj::TargetFramework=net8.0-windows]
C:\Program Files\dotnet\sdk\10.0.102\Microsoft.Common.CurrentVersion.targets(2437,5): warning MSB3277:         C:\Program Files\Autodesk\AutoCAD 2026\AdUiPalettes.dll [C:\plugin_autocad\src\plugin\sisRUA.csproj::TargetFramework=net8.0-windows]
C:\Program Files\dotnet\sdk\10.0.102\Microsoft.Common.CurrentVersion.targets(2437,5): warning MSB3277:           Inclus├Áes de itens do arquivo de projeto que geraram a refer├¬ncia"C:\Program Files\Autodesk\AutoCAD 2026\AdUiPalettes.dll". [C:\plugin_autocad\src\plugin\sisRUA.csproj::TargetFramework=net8.0-windows]
C:\Program Files\dotnet\sdk\10.0.102\Microsoft.Common.CurrentVersion.targets(2437,5): warning MSB3277:             AcMgd [C:\plugin_autocad\src\plugin\sisRUA.csproj::TargetFramework=net8.0-windows]
C:\Program Files\dotnet\sdk\10.0.102\Microsoft.Common.CurrentVersion.targets(2437,5): warning MSB3277:         C:\Program Files\Autodesk\AutoCAD 2026\AdWindows.dll [C:\plugin_autocad\src\plugin\sisRUA.csproj::TargetFramework=net8.0-windows]
C:\Program Files\dotnet\sdk\10.0.102\Microsoft.Common.CurrentVersion.targets(2437,5): warning MSB3277:           Inclus├Áes de itens do arquivo de projeto que geraram a refer├¬ncia"C:\Program Files\Autodesk\AutoCAD 2026\AdWindows.dll". [C:\plugin_autocad\src\plugin\sisRUA.csproj::TargetFramework=net8.0-windows]
C:\Program Files\dotnet\sdk\10.0.102\Microsoft.Common.CurrentVersion.targets(2437,5): warning MSB3277:             AcMgd [C:\plugin_autocad\src\plugin\sisRUA.csproj::TargetFramework=net8.0-windows]
C:\Program Files\dotnet\sdk\10.0.102\Microsoft.Common.CurrentVersion.targets(2437,5): warning MSB3277:         C:\Program Files\Autodesk\AutoCAD 2026\AcCustomize.dll [C:\plugin_autocad\src\plugin\sisRUA.csproj::TargetFramework=net8.0-windows]
C:\Program Files\dotnet\sdk\10.0.102\Microsoft.Common.CurrentVersion.targets(2437,5): warning MSB3277:           Inclus├Áes de itens do arquivo de projeto que geraram a refer├¬ncia"C:\Program Files\Autodesk\AutoCAD 2026\AcCustomize.dll". [C:\plugin_autocad\src\plugin\sisRUA.csproj::TargetFramework=net8.0-windows]
C:\Program Files\dotnet\sdk\10.0.102\Microsoft.Common.CurrentVersion.targets(2437,5): warning MSB3277:             AcMgd [C:\plugin_autocad\src\plugin\sisRUA.csproj::TargetFramework=net8.0-windows]
C:\Program Files\dotnet\sdk\10.0.102\Microsoft.Common.CurrentVersion.targets(2437,5): warning MSB3277:         C:\Program Files\Autodesk\AutoCAD 2026\AcWindows.dll [C:\plugin_autocad\src\plugin\sisRUA.csproj::TargetFramework=net8.0-windows]
C:\Program Files\dotnet\sdk\10.0.102\Microsoft.Common.CurrentVersion.targets(2437,5): warning MSB3277:           Inclus├Áes de itens do arquivo de projeto que geraram a refer├¬ncia"C:\Program Files\Autodesk\AutoCAD 2026\AcWindows.dll". [C:\plugin_autocad\src\plugin\sisRUA.csproj::TargetFramework=net8.0-windows]
C:\Program Files\dotnet\sdk\10.0.102\Microsoft.Common.CurrentVersion.targets(2437,5): warning MSB3277:             AcMgd [C:\plugin_autocad\src\plugin\sisRUA.csproj::TargetFramework=net8.0-windows]
C:\Program Files\dotnet\sdk\10.0.102\Microsoft.Common.CurrentVersion.targets(2437,5): warning MSB3277:         C:\Program Files\Autodesk\AutoCAD 2026\AdUIMgd.dll [C:\plugin_autocad\src\plugin\sisRUA.csproj::TargetFramework=net8.0-windows]
C:\Program Files\dotnet\sdk\10.0.102\Microsoft.Common.CurrentVersion.targets(2437,5): warning MSB3277:           Inclus├Áes de itens do arquivo de projeto que geraram a refer├¬ncia"C:\Program Files\Autodesk\AutoCAD 2026\AdUIMgd.dll". [C:\plugin_autocad\src\plugin\sisRUA.csproj::TargetFramework=net8.0-windows]
C:\Program Files\dotnet\sdk\10.0.102\Microsoft.Common.CurrentVersion.targets(2437,5): warning MSB3277:             AcMgd [C:\plugin_autocad\src\plugin\sisRUA.csproj::TargetFramework=net8.0-windows]
C:\Program Files\dotnet\sdk\10.0.102\Microsoft.Common.CurrentVersion.targets(2437,5): warning MSB3277:         C:\Program Files\Autodesk\AutoCAD 2026\AcTcMgd.dll [C:\plugin_autocad\src\plugin\sisRUA.csproj::TargetFramework=net8.0-windows]
C:\Program Files\dotnet\sdk\10.0.102\Microsoft.Common.CurrentVersion.targets(2437,5): warning MSB3277:           Inclus├Áes de itens do arquivo de projeto que geraram a refer├¬ncia"C:\Program Files\Autodesk\AutoCAD 2026\AcTcMgd.dll". [C:\plugin_autocad\src\plugin\sisRUA.csproj::TargetFramework=net8.0-windows]
C:\Program Files\dotnet\sdk\10.0.102\Microsoft.Common.CurrentVersion.targets(2437,5): warning MSB3277:             AcMgd [C:\plugin_autocad\src\plugin\sisRUA.csproj::TargetFramework=net8.0-windows]
C:\Program Files\dotnet\sdk\10.0.102\Microsoft.Common.CurrentVersion.targets(2437,5): warning MSB3277:         C:\Program Files\Autodesk\AutoCAD 2026\AcMNUParser.dll [C:\plugin_autocad\src\plugin\sisRUA.csproj::TargetFramework=net8.0-windows]
C:\Program Files\dotnet\sdk\10.0.102\Microsoft.Common.CurrentVersion.targets(2437,5): warning MSB3277:           Inclus├Áes de itens do arquivo de projeto que geraram a refer├¬ncia"C:\Program Files\Autodesk\AutoCAD 2026\AcMNUParser.dll". [C:\plugin_autocad\src\plugin\sisRUA.csproj::TargetFramework=net8.0-windows]
C:\Program Files\dotnet\sdk\10.0.102\Microsoft.Common.CurrentVersion.targets(2437,5): warning MSB3277:             AcMgd [C:\plugin_autocad\src\plugin\sisRUA.csproj::TargetFramework=net8.0-windows]
    1 Aviso(s)
    0 Erro(s)

Tempo Decorrido 00:00:00.32
Building net48 for AutoCAD 2021...
  Determinando os projetos a serem restaurados...
  Todos os projetos est├úo atualizados para restaura├º├úo.
C:\plugin_autocad\src\plugin\SisRuaCommands.cs(19,7): warning CS0105: A diretiva using para "System.Globalization" apareceu anteriormente neste namespace [C:\plugin_autocad\src\plugin\sisRUA.csproj::TargetFramework=net48]
C:\plugin_autocad\src\plugin\ProjectRepository.cs(211,56): error CS0308: O m├®todo n├úo gen├®rico "Enum.Parse(Type, string)" n├úo pode ser usado como argumentos de tipo [C:\plugin_autocad\src\plugin\sisRUA.csproj::TargetFramework=net48]
C:\plugin_autocad\src\plugin\SisRuaPalette.cs(378,50): warning CS4014: Como esta chamada n├úo ├® aguardada, a execu├º├úo do m├®todo atual continua antes da conclus├úo da chamada. Considere aplicar o operador 'await' ao resultado da chamada. [C:\plugin_autocad\src\plugin\sisRUA.csproj::TargetFramework=net48]
C:\plugin_autocad\src\plugin\SisRuaPalette.cs(402,54): warning CS4014: Como esta chamada n├úo ├® aguardada, a execu├º├úo do m├®todo atual continua antes da conclus├úo da chamada. Considere aplicar o operador 'await' ao resultado da chamada. [C:\plugin_autocad\src\plugin\sisRUA.csproj::TargetFramework=net48]

FALHA da compila├º├úo.

C:\plugin_autocad\src\plugin\SisRuaCommands.cs(19,7): warning CS0105: A diretiva using para "System.Globalization" apareceu anteriormente neste namespace [C:\plugin_autocad\src\plugin\sisRUA.csproj::TargetFramework=net48]
C:\plugin_autocad\src\plugin\SisRuaPalette.cs(378,50): warning CS4014: Como esta chamada n├úo ├® aguardada, a execu├º├úo do m├®todo atual continua antes da conclus├úo da chamada. Considere aplicar o operador 'await' ao resultado da chamada. [C:\plugin_autocad\src\plugin\sisRUA.csproj::TargetFramework=net48]
C:\plugin_autocad\src\plugin\SisRuaPalette.cs(402,54): warning CS4014: Como esta chamada n├úo ├® aguardada, a execu├º├úo do m├®todo atual continua antes da conclus├úo da chamada. Considere aplicar o operador 'await' ao resultado da chamada. [C:\plugin_autocad\src\plugin\sisRUA.csproj::TargetFramework=net48]
C:\plugin_autocad\src\plugin\ProjectRepository.cs(211,56): error CS0308: O m├®todo n├úo gen├®rico "Enum.Parse(Type, string)" n├úo pode ser usado como argumentos de tipo [C:\plugin_autocad\src\plugin\sisRUA.csproj::TargetFramework=net48]
    3 Aviso(s)
    1 Erro(s)

Tempo Decorrido 00:00:00.43
ERRO: falha ao compilar o plugin net48 para AutoCAD 2021. Verifique AutoCAD 2021 instalado e Acad2021Dir no csproj.
ERRO: falha ao gerar release.
[sisrua] ERRO: Falha: build_installer.cmd
