[1/6] Preparando pasta de saida (deploy)...
INFO: Usando versao do projeto: 0.2.0
[1.5/6] Atualizando AppVersion em PackageContents.xml...
INFO: AppVersion em 'C:\plugin_autocad\bundle-template\sisRUA.bundle\PackageContents.xml' atualizado para '0.2.0'.
[2/6] Copiando PackageContents.xml...
[3/6] Copiando binarios .NET (plugin + dependencias)...
OK: sisRUA_NET48_ACAD2021.dll copiado.
OK: sisRUA_NET48_ACAD2024.dll copiado.
[3.5/6] Copiando dependencias adicionais net48...
DEBUG CHECKING: "C:\plugin_autocad\src\plugin\bin\x64\Release\net48\System.ComponentModel.Primitives.dll"
 O volume na unidade C não tem nome.
 O Número de Série do Volume é 62AC-C4F7

 Pasta de C:\plugin_autocad\src\plugin\bin\x64\Release\net48

05/11/2016  01:55            28.928 System.ComponentModel.Primitives.dll
               1 arquivo(s)         28.928 bytes
               0 pasta(s)   27.490.672.640 bytes disponíveis
[4/6] Copiando backend Python...
[5/6] Copiando frontend (somente dist)...
[5.5/6] Copiando Blocos CAD (.dxf/.dwg)...
[6/6] Copiando Resources (mapeamento, prancha, etc)...

======================================================
ESTRUTURA ORGANIZADA COM SUCESSO
Local: c:\plugin_autocad\release\sisRUA.bundle
======================================================
Pressione qualquer tecla para continuar. . . 
